c:\users\kwame\desktop\2020 fall\compsci3307\assignment\group22\stage3\stage3\debug\smartmirror.obj
c:\users\kwame\desktop\2020 fall\compsci3307\assignment\group22\stage3\stage3\debug\main.obj
c:\users\kwame\desktop\2020 fall\compsci3307\assignment\group22\stage3\stage3\debug\vc142.pdb
c:\users\kwame\desktop\2020 fall\compsci3307\assignment\group22\stage3\stage3\debug\moc_smartmirror.obj
c:\users\kwame\desktop\2020 fall\compsci3307\assignment\group22\stage3\stage3\debug\moc_predefs.h
c:\users\kwame\desktop\2020 fall\compsci3307\assignment\group22\stage3\stage3\debug\stage3.exe
c:\users\kwame\desktop\2020 fall\compsci3307\assignment\group22\stage3\stage3\debug\stage3.ilk
c:\users\kwame\desktop\2020 fall\compsci3307\assignment\group22\stage3\stage3\debug\stage3.pdb
c:\users\kwame\desktop\2020 fall\compsci3307\assignment\group22\stage3\stage3\debug\moc_smartmirror.cpp
c:\users\kwame\desktop\2020 fall\compsci3307\assignment\group22\stage3\stage3\ui_smartmirror.h
c:\users\kwame\desktop\2020 fall\compsci3307\assignment\group22\stage3\stage3\debug\vcpkg.applocal.log
c:\users\kwame\desktop\2020 fall\compsci3307\assignment\group22\stage3\stage3\debug\news.obj
c:\users\kwame\desktop\2020 fall\compsci3307\assignment\group22\stage3\stage3\debug\stage3.tlog\cl.command.1.tlog
c:\users\kwame\desktop\2020 fall\compsci3307\assignment\group22\stage3\stage3\debug\stage3.tlog\cl.read.1.tlog
c:\users\kwame\desktop\2020 fall\compsci3307\assignment\group22\stage3\stage3\debug\stage3.tlog\cl.write.1.tlog
c:\users\kwame\desktop\2020 fall\compsci3307\assignment\group22\stage3\stage3\debug\stage3.tlog\custombuild.command.1.tlog
c:\users\kwame\desktop\2020 fall\compsci3307\assignment\group22\stage3\stage3\debug\stage3.tlog\custombuild.read.1.tlog
c:\users\kwame\desktop\2020 fall\compsci3307\assignment\group22\stage3\stage3\debug\stage3.tlog\custombuild.write.1.tlog
c:\users\kwame\desktop\2020 fall\compsci3307\assignment\group22\stage3\stage3\debug\stage3.tlog\link.command.1.tlog
c:\users\kwame\desktop\2020 fall\compsci3307\assignment\group22\stage3\stage3\debug\stage3.tlog\link.read.1.tlog
c:\users\kwame\desktop\2020 fall\compsci3307\assignment\group22\stage3\stage3\debug\stage3.tlog\link.write.1.tlog
c:\users\kwame\desktop\2020 fall\compsci3307\assignment\group22\stage3\stage3\debug\stage3.tlog\moc.read.1u.tlog
c:\users\kwame\desktop\2020 fall\compsci3307\assignment\group22\stage3\stage3\debug\stage3.tlog\moc.write.1u.tlog
c:\users\kwame\desktop\2020 fall\compsci3307\assignment\group22\stage3\stage3\debug\stage3.tlog\stage3.write.1u.tlog
c:\users\kwame\desktop\2020 fall\compsci3307\assignment\group22\stage3\stage3\debug\stage3.tlog\uic.read.1u.tlog
c:\users\kwame\desktop\2020 fall\compsci3307\assignment\group22\stage3\stage3\debug\stage3.tlog\uic.write.1u.tlog
